2023/02/06 18:08:960183 DEBUG EventLoop EventLoop created  in thread 140668243229056 - EventLoop.cc:41
2023/02/06 18:08:960820 DEBUG EventLoop EventLoop created  in thread 140668218803776 - EventLoop.cc:41
2023/02/06 18:08:960947 TRACE loop EventLoop  start looping - EventLoop.cc:74
2023/02/06 18:08:960959 TRACE poll fd total count 3 - EPollPoller.cc:26
2023/02/06 18:08:960977 TRACE loop EventLoop  start looping - EventLoop.cc:74
2023/02/06 18:08:960983 TRACE poll fd total count 2 - EPollPoller.cc:26
2023/02/06 18:08:501402 TRACE poll 1 events happened - EPollPoller.cc:32
2023/02/06 18:08:501495 TRACE printActiveChannels {7: IN }  - EventLoop.cc:198
2023/02/06 18:08:501547 TRACE handleEventWithGuard 7: IN  - Channel.cc:91
2023/02/06 18:08:501632 INFO  TcpServer::newConnection [HttpServer] - new connection [HttpServer-0.0.0.0:8888#1] from 113.121.227.206:53522 - TcpServer.cc:76
2023/02/06 18:08:501724 INFO  TcpConnection::ctor[HttpServer-0.0.0.0:8888#1] at fd =12 - TcpConnection.cc:39
2023/02/06 18:08:501899 TRACE poll 1 events happened - EPollPoller.cc:32
2023/02/06 18:08:501906 TRACE poll fd total count 3 - EPollPoller.cc:26
2023/02/06 18:08:501923 TRACE printActiveChannels {11: IN }  - EventLoop.cc:198
2023/02/06 18:08:501937 TRACE handleEventWithGuard 11: IN  - Channel.cc:91
2023/02/06 18:08:502156 TRACE poll fd total count 3 - EPollPoller.cc:26
2023/02/06 18:08:502167 TRACE poll 1 events happened - EPollPoller.cc:32
2023/02/06 18:08:502172 TRACE printActiveChannels {12: IN }  - EventLoop.cc:198
2023/02/06 18:08:502181 TRACE handleEventWithGuard 12: IN  - Channel.cc:91
2023/02/06 18:08:505194 TRACE poll fd total count 3 - EPollPoller.cc:26
2023/02/06 18:08:505217 TRACE poll 1 events happened - EPollPoller.cc:32
2023/02/06 18:08:505223 TRACE printActiveChannels {12: IN HUP }  - EventLoop.cc:198
2023/02/06 18:08:505234 TRACE handleEventWithGuard 12: IN HUP  - Channel.cc:91
2023/02/06 18:08:505244 TRACE handleClose handleClose fd = 12 state = kDisconnecting - TcpConnection.cc:219
2023/02/06 18:08:505260 DEBUG onConnection HttpServer-0.0.0.0:8888#1 is down - HttpConnection.cc:31
2023/02/06 18:08:505307 TRACE poll fd total count 3 - EPollPoller.cc:26
2023/02/06 18:08:505321 TRACE poll 1 events happened - EPollPoller.cc:32
2023/02/06 18:08:505335 TRACE printActiveChannels {6: IN }  - EventLoop.cc:198
2023/02/06 18:08:505342 TRACE handleEventWithGuard 6: IN  - Channel.cc:91
2023/02/06 18:08:505361 INFO  TcpServer::removeConnectionInLoop [HttpServer] - connection HttpServer-0.0.0.0:8888#1 - TcpServer.cc:104
2023/02/06 18:08:505402 TRACE poll fd total count 3 - EPollPoller.cc:26
2023/02/06 18:08:505408 TRACE poll 1 events happened - EPollPoller.cc:32
2023/02/06 18:08:505418 TRACE printActiveChannels {11: IN }  - EventLoop.cc:198
2023/02/06 18:08:505427 TRACE handleEventWithGuard 11: IN  - Channel.cc:91
2023/02/06 18:08:505448 TRACE poll fd total count 2 - EPollPoller.cc:26
2023/02/06 18:08:585858 TRACE poll 1 events happened - EPollPoller.cc:32
2023/02/06 18:08:585908 TRACE printActiveChannels {7: IN }  - EventLoop.cc:198
2023/02/06 18:08:585928 TRACE handleEventWithGuard 7: IN  - Channel.cc:91
2023/02/06 18:08:585959 INFO  TcpServer::newConnection [HttpServer] - new connection [HttpServer-0.0.0.0:8888#2] from 113.121.227.206:53527 - TcpServer.cc:76
2023/02/06 18:08:585996 INFO  TcpConnection::ctor[HttpServer-0.0.0.0:8888#2] at fd =13 - TcpConnection.cc:39
2023/02/06 18:08:586031 TRACE poll fd total count 3 - EPollPoller.cc:26
2023/02/06 18:08:586042 TRACE poll 1 events happened - EPollPoller.cc:32
2023/02/06 18:08:586058 TRACE printActiveChannels {11: IN }  - EventLoop.cc:198
2023/02/06 18:08:586066 TRACE handleEventWithGuard 11: IN  - Channel.cc:91
2023/02/06 18:08:586101 TRACE poll fd total count 3 - EPollPoller.cc:26
2023/02/06 18:08:587230 TRACE poll 1 events happened - EPollPoller.cc:32
2023/02/06 18:08:587239 TRACE printActiveChannels {13: IN }  - EventLoop.cc:198
2023/02/06 18:08:587247 TRACE handleEventWithGuard 13: IN  - Channel.cc:91
2023/02/06 18:08:588416 TRACE poll 1 events happened - EPollPoller.cc:32
2023/02/06 18:08:588436 TRACE printActiveChannels {7: IN }  - EventLoop.cc:198
2023/02/06 18:08:588448 TRACE handleEventWithGuard 7: IN  - Channel.cc:91
2023/02/06 18:08:588472 INFO  TcpServer::newConnection [HttpServer] - new connection [HttpServer-0.0.0.0:8888#3] from 113.121.227.206:53525 - TcpServer.cc:76
2023/02/06 18:08:588492 INFO  TcpConnection::ctor[HttpServer-0.0.0.0:8888#3] at fd =14 - TcpConnection.cc:39
2023/02/06 18:08:588522 TRACE poll fd total count 3 - EPollPoller.cc:26
2023/02/06 18:08:589752 TRACE poll fd total count 4 - EPollPoller.cc:26
2023/02/06 18:08:589770 TRACE poll 3 events happened - EPollPoller.cc:32
2023/02/06 18:08:589780 TRACE printActiveChannels {13: IN HUP }  - EventLoop.cc:198
2023/02/06 18:08:589789 TRACE printActiveChannels {11: IN }  - EventLoop.cc:198
2023/02/06 18:08:589793 TRACE printActiveChannels {14: IN }  - EventLoop.cc:198
2023/02/06 18:08:589797 TRACE handleEventWithGuard 13: IN HUP  - Channel.cc:91
2023/02/06 18:08:589806 TRACE handleClose handleClose fd = 13 state = kDisconnecting - TcpConnection.cc:219
2023/02/06 18:08:589817 DEBUG onConnection HttpServer-0.0.0.0:8888#2 is down - HttpConnection.cc:31
2023/02/06 18:08:589835 TRACE handleEventWithGuard 11: IN  - Channel.cc:91
2023/02/06 18:08:589846 TRACE handleEventWithGuard 14: IN  - Channel.cc:91
2023/02/06 18:08:589849 TRACE poll 1 events happened - EPollPoller.cc:32
2023/02/06 18:08:589862 TRACE printActiveChannels {6: IN }  - EventLoop.cc:198
2023/02/06 18:08:589872 TRACE handleEventWithGuard 6: IN  - Channel.cc:91
2023/02/06 18:08:589883 INFO  TcpServer::removeConnectionInLoop [HttpServer] - connection HttpServer-0.0.0.0:8888#2 - TcpServer.cc:104
2023/02/06 18:08:589898 TRACE poll fd total count 3 - EPollPoller.cc:26
2023/02/06 18:08:590351 TRACE poll 1 events happened - EPollPoller.cc:32
2023/02/06 18:08:590362 TRACE printActiveChannels {7: IN }  - EventLoop.cc:198
2023/02/06 18:08:590371 TRACE handleEventWithGuard 7: IN  - Channel.cc:91
2023/02/06 18:08:590392 INFO  TcpServer::newConnection [HttpServer] - new connection [HttpServer-0.0.0.0:8888#4] from 113.121.227.206:53524 - TcpServer.cc:76
2023/02/06 18:08:590416 INFO  TcpConnection::ctor[HttpServer-0.0.0.0:8888#4] at fd =15 - TcpConnection.cc:39
2023/02/06 18:08:590442 TRACE poll fd total count 3 - EPollPoller.cc:26
2023/02/06 18:08:592361 TRACE poll fd total count 4 - EPollPoller.cc:26
2023/02/06 18:08:592377 TRACE poll 3 events happened - EPollPoller.cc:32
2023/02/06 18:08:592383 TRACE printActiveChannels {11: IN }  - EventLoop.cc:198
2023/02/06 18:08:592391 TRACE printActiveChannels {14: IN HUP }  - EventLoop.cc:198
2023/02/06 18:08:592395 TRACE printActiveChannels {15: IN }  - EventLoop.cc:198
2023/02/06 18:08:592399 TRACE handleEventWithGuard 11: IN  - Channel.cc:91
2023/02/06 18:08:592406 TRACE handleEventWithGuard 14: IN HUP  - Channel.cc:91
2023/02/06 18:08:592414 TRACE handleClose handleClose fd = 14 state = kDisconnecting - TcpConnection.cc:219
2023/02/06 18:08:592424 DEBUG onConnection HttpServer-0.0.0.0:8888#3 is down - HttpConnection.cc:31
2023/02/06 18:08:592442 TRACE handleEventWithGuard 15: IN  - Channel.cc:91
2023/02/06 18:08:592455 TRACE poll 1 events happened - EPollPoller.cc:32
2023/02/06 18:08:592468 TRACE printActiveChannels {6: IN }  - EventLoop.cc:198
2023/02/06 18:08:592477 TRACE handleEventWithGuard 6: IN  - Channel.cc:91
2023/02/06 18:08:592489 INFO  TcpServer::removeConnectionInLoop [HttpServer] - connection HttpServer-0.0.0.0:8888#3 - TcpServer.cc:104
2023/02/06 18:08:592503 TRACE poll fd total count 3 - EPollPoller.cc:26
2023/02/06 18:08:593523 TRACE poll 1 events happened - EPollPoller.cc:32
2023/02/06 18:08:593542 TRACE printActiveChannels {7: IN }  - EventLoop.cc:198
2023/02/06 18:08:593553 TRACE handleEventWithGuard 7: IN  - Channel.cc:91
2023/02/06 18:08:593574 INFO  TcpServer::newConnection [HttpServer] - new connection [HttpServer-0.0.0.0:8888#5] from 113.121.227.206:53529 - TcpServer.cc:76
2023/02/06 18:08:593599 INFO  TcpConnection::ctor[HttpServer-0.0.0.0:8888#5] at fd =16 - TcpConnection.cc:39
2023/02/06 18:08:593624 TRACE poll fd total count 3 - EPollPoller.cc:26
2023/02/06 18:08:593662 TRACE poll 1 events happened - EPollPoller.cc:32
2023/02/06 18:08:593672 TRACE printActiveChannels {7: IN }  - EventLoop.cc:198
2023/02/06 18:08:593681 TRACE handleEventWithGuard 7: IN  - Channel.cc:91
2023/02/06 18:08:593696 INFO  TcpServer::newConnection [HttpServer] - new connection [HttpServer-0.0.0.0:8888#6] from 113.121.227.206:53528 - TcpServer.cc:76
2023/02/06 18:08:593716 INFO  TcpConnection::ctor[HttpServer-0.0.0.0:8888#6] at fd =17 - TcpConnection.cc:39
2023/02/06 18:08:593736 TRACE poll fd total count 3 - EPollPoller.cc:26
2023/02/06 18:08:595054 TRACE poll fd total count 5 - EPollPoller.cc:26
2023/02/06 18:08:595069 TRACE poll 3 events happened - EPollPoller.cc:32
2023/02/06 18:08:595074 TRACE printActiveChannels {11: IN }  - EventLoop.cc:198
2023/02/06 18:08:595081 TRACE printActiveChannels {15: IN HUP }  - EventLoop.cc:198
2023/02/06 18:08:595085 TRACE printActiveChannels {16: IN }  - EventLoop.cc:198
2023/02/06 18:08:595089 TRACE handleEventWithGuard 11: IN  - Channel.cc:91
2023/02/06 18:08:595096 TRACE handleEventWithGuard 15: IN HUP  - Channel.cc:91
2023/02/06 18:08:595104 TRACE handleClose handleClose fd = 15 state = kDisconnecting - TcpConnection.cc:219
2023/02/06 18:08:595121 DEBUG onConnection HttpServer-0.0.0.0:8888#4 is down - HttpConnection.cc:31
2023/02/06 18:08:595168 TRACE handleEventWithGuard 16: IN  - Channel.cc:91
2023/02/06 18:08:595180 TRACE poll 1 events happened - EPollPoller.cc:32
2023/02/06 18:08:595193 TRACE printActiveChannels {6: IN }  - EventLoop.cc:198
2023/02/06 18:08:595203 TRACE handleEventWithGuard 6: IN  - Channel.cc:91
2023/02/06 18:08:595214 INFO  TcpServer::removeConnectionInLoop [HttpServer] - connection HttpServer-0.0.0.0:8888#4 - TcpServer.cc:104
2023/02/06 18:08:595228 TRACE poll fd total count 3 - EPollPoller.cc:26
2023/02/06 18:08:597805 TRACE poll fd total count 4 - EPollPoller.cc:26
2023/02/06 18:08:597821 TRACE poll 2 events happened - EPollPoller.cc:32
2023/02/06 18:08:597827 TRACE printActiveChannels {11: IN }  - EventLoop.cc:198
2023/02/06 18:08:597834 TRACE printActiveChannels {17: IN }  - EventLoop.cc:198
2023/02/06 18:08:597839 TRACE handleEventWithGuard 11: IN  - Channel.cc:91
2023/02/06 18:08:597846 TRACE handleEventWithGuard 17: IN  - Channel.cc:91
2023/02/06 18:08:599720 TRACE poll 1 events happened - EPollPoller.cc:32
2023/02/06 18:08:599739 TRACE printActiveChannels {7: IN }  - EventLoop.cc:198
2023/02/06 18:08:599749 TRACE handleEventWithGuard 7: IN  - Channel.cc:91
2023/02/06 18:08:599769 INFO  TcpServer::newConnection [HttpServer] - new connection [HttpServer-0.0.0.0:8888#7] from 113.121.227.206:53526 - TcpServer.cc:76
2023/02/06 18:08:599788 INFO  TcpConnection::ctor[HttpServer-0.0.0.0:8888#7] at fd =18 - TcpConnection.cc:39
2023/02/06 18:08:599822 TRACE poll fd total count 3 - EPollPoller.cc:26
2023/02/06 18:08:600276 TRACE poll fd total count 5 - EPollPoller.cc:26
2023/02/06 18:08:600289 TRACE poll 2 events happened - EPollPoller.cc:32
2023/02/06 18:08:600294 TRACE printActiveChannels {11: IN }  - EventLoop.cc:198
2023/02/06 18:08:600301 TRACE printActiveChannels {17: IN HUP }  - EventLoop.cc:198
2023/02/06 18:08:600318 TRACE handleEventWithGuard 11: IN  - Channel.cc:91
2023/02/06 18:08:600328 TRACE handleEventWithGuard 17: IN HUP  - Channel.cc:91
2023/02/06 18:08:600344 TRACE handleClose handleClose fd = 17 state = kDisconnecting - TcpConnection.cc:219
2023/02/06 18:08:600355 DEBUG onConnection HttpServer-0.0.0.0:8888#6 is down - HttpConnection.cc:31
2023/02/06 18:08:600372 TRACE poll fd total count 5 - EPollPoller.cc:26
2023/02/06 18:08:600380 TRACE poll 1 events happened - EPollPoller.cc:32
2023/02/06 18:08:600383 TRACE poll 1 events happened - EPollPoller.cc:32
2023/02/06 18:08:600386 TRACE printActiveChannels {18: IN }  - EventLoop.cc:198
2023/02/06 18:08:600401 TRACE printActiveChannels {6: IN }  - EventLoop.cc:198
2023/02/06 18:08:600409 TRACE handleEventWithGuard 18: IN  - Channel.cc:91
2023/02/06 18:08:600414 TRACE handleEventWithGuard 6: IN  - Channel.cc:91
2023/02/06 18:08:600426 INFO  TcpServer::removeConnectionInLoop [HttpServer] - connection HttpServer-0.0.0.0:8888#6 - TcpServer.cc:104
2023/02/06 18:08:600441 TRACE poll fd total count 3 - EPollPoller.cc:26
2023/02/06 18:08:602808 TRACE poll fd total count 4 - EPollPoller.cc:26
2023/02/06 18:08:602823 TRACE poll 2 events happened - EPollPoller.cc:32
2023/02/06 18:08:602828 TRACE printActiveChannels {18: IN HUP }  - EventLoop.cc:198
2023/02/06 18:08:602835 TRACE printActiveChannels {11: IN }  - EventLoop.cc:198
2023/02/06 18:08:602840 TRACE handleEventWithGuard 18: IN HUP  - Channel.cc:91
2023/02/06 18:08:602848 TRACE handleClose handleClose fd = 18 state = kDisconnecting - TcpConnection.cc:219
2023/02/06 18:08:602859 DEBUG onConnection HttpServer-0.0.0.0:8888#7 is down - HttpConnection.cc:31
2023/02/06 18:08:602876 TRACE handleEventWithGuard 11: IN  - Channel.cc:91
2023/02/06 18:08:602887 TRACE poll fd total count 4 - EPollPoller.cc:26
2023/02/06 18:08:602890 TRACE poll 1 events happened - EPollPoller.cc:32
2023/02/06 18:08:602903 TRACE printActiveChannels {6: IN }  - EventLoop.cc:198
2023/02/06 18:08:602912 TRACE handleEventWithGuard 6: IN  - Channel.cc:91
2023/02/06 18:08:602922 INFO  TcpServer::removeConnectionInLoop [HttpServer] - connection HttpServer-0.0.0.0:8888#7 - TcpServer.cc:104
2023/02/06 18:08:602938 TRACE poll fd total count 3 - EPollPoller.cc:26
2023/02/06 18:08:602945 TRACE poll 1 events happened - EPollPoller.cc:32
2023/02/06 18:08:602955 TRACE printActiveChannels {11: IN }  - EventLoop.cc:198
2023/02/06 18:08:602963 TRACE handleEventWithGuard 11: IN  - Channel.cc:91
2023/02/06 18:08:602973 TRACE poll fd total count 3 - EPollPoller.cc:26
2023/02/06 18:08:637585 TRACE poll 1 events happened - EPollPoller.cc:32
2023/02/06 18:08:637616 TRACE printActiveChannels {7: IN }  - EventLoop.cc:198
2023/02/06 18:08:637628 TRACE handleEventWithGuard 7: IN  - Channel.cc:91
2023/02/06 18:08:637651 INFO  TcpServer::newConnection [HttpServer] - new connection [HttpServer-0.0.0.0:8888#8] from 113.121.227.206:53530 - TcpServer.cc:76
2023/02/06 18:08:637682 INFO  TcpConnection::ctor[HttpServer-0.0.0.0:8888#8] at fd =19 - TcpConnection.cc:39
2023/02/06 18:08:637712 TRACE poll fd total count 3 - EPollPoller.cc:26
2023/02/06 18:08:637723 TRACE poll 1 events happened - EPollPoller.cc:32
2023/02/06 18:08:637738 TRACE printActiveChannels {11: IN }  - EventLoop.cc:198
2023/02/06 18:08:637745 TRACE handleEventWithGuard 11: IN  - Channel.cc:91
2023/02/06 18:08:637830 TRACE poll fd total count 4 - EPollPoller.cc:26
2023/02/06 18:08:638070 TRACE poll 1 events happened - EPollPoller.cc:32
2023/02/06 18:08:638080 TRACE printActiveChannels {19: IN }  - EventLoop.cc:198
2023/02/06 18:08:638091 TRACE handleEventWithGuard 19: IN  - Channel.cc:91
2023/02/06 18:08:640519 TRACE poll fd total count 4 - EPollPoller.cc:26
2023/02/06 18:08:643302 TRACE poll 1 events happened - EPollPoller.cc:32
2023/02/06 18:08:643318 TRACE printActiveChannels {16: OUT }  - EventLoop.cc:198
2023/02/06 18:08:643328 TRACE handleEventWithGuard 16: OUT  - Channel.cc:91
2023/02/06 18:08:643455 TRACE poll fd total count 4 - EPollPoller.cc:26
2023/02/06 18:08:643462 TRACE poll 1 events happened - EPollPoller.cc:32
2023/02/06 18:08:643466 TRACE printActiveChannels {16: IN HUP }  - EventLoop.cc:198
2023/02/06 18:08:643471 TRACE handleEventWithGuard 16: IN HUP  - Channel.cc:91
2023/02/06 18:08:643520 TRACE handleClose handleClose fd = 16 state = kDisconnecting - TcpConnection.cc:219
2023/02/06 18:08:643538 DEBUG onConnection HttpServer-0.0.0.0:8888#5 is down - HttpConnection.cc:31
2023/02/06 18:08:643557 TRACE poll fd total count 4 - EPollPoller.cc:26
2023/02/06 18:08:643569 TRACE poll 1 events happened - EPollPoller.cc:32
2023/02/06 18:08:643583 TRACE printActiveChannels {6: IN }  - EventLoop.cc:198
2023/02/06 18:08:643590 TRACE handleEventWithGuard 6: IN  - Channel.cc:91
2023/02/06 18:08:643599 INFO  TcpServer::removeConnectionInLoop [HttpServer] - connection HttpServer-0.0.0.0:8888#5 - TcpServer.cc:104
2023/02/06 18:08:643616 TRACE poll fd total count 3 - EPollPoller.cc:26
2023/02/06 18:08:643622 TRACE poll 1 events happened - EPollPoller.cc:32
2023/02/06 18:08:643632 TRACE printActiveChannels {11: IN }  - EventLoop.cc:198
2023/02/06 18:08:643640 TRACE handleEventWithGuard 11: IN  - Channel.cc:91
2023/02/06 18:08:643651 TRACE poll fd total count 3 - EPollPoller.cc:26
2023/02/06 18:08:652448 TRACE poll 1 events happened - EPollPoller.cc:32
2023/02/06 18:08:652467 TRACE printActiveChannels {7: IN }  - EventLoop.cc:198
2023/02/06 18:08:652476 TRACE handleEventWithGuard 7: IN  - Channel.cc:91
2023/02/06 18:08:652497 INFO  TcpServer::newConnection [HttpServer] - new connection [HttpServer-0.0.0.0:8888#9] from 113.121.227.206:53531 - TcpServer.cc:76
2023/02/06 18:08:652527 INFO  TcpConnection::ctor[HttpServer-0.0.0.0:8888#9] at fd =20 - TcpConnection.cc:39
2023/02/06 18:08:652555 TRACE poll fd total count 3 - EPollPoller.cc:26
2023/02/06 18:08:652560 TRACE poll 1 events happened - EPollPoller.cc:32
2023/02/06 18:08:652574 TRACE printActiveChannels {11: IN }  - EventLoop.cc:198
2023/02/06 18:08:652582 TRACE handleEventWithGuard 11: IN  - Channel.cc:91
2023/02/06 18:08:652609 TRACE poll fd total count 4 - EPollPoller.cc:26
2023/02/06 18:08:653078 TRACE poll 1 events happened - EPollPoller.cc:32
2023/02/06 18:08:653087 TRACE printActiveChannels {20: IN }  - EventLoop.cc:198
2023/02/06 18:08:653094 TRACE handleEventWithGuard 20: IN  - Channel.cc:91
2023/02/06 18:08:655404 TRACE poll fd total count 4 - EPollPoller.cc:26
2023/02/06 18:08:655421 TRACE poll 1 events happened - EPollPoller.cc:32
2023/02/06 18:08:655426 TRACE printActiveChannels {20: IN HUP }  - EventLoop.cc:198
2023/02/06 18:08:655434 TRACE handleEventWithGuard 20: IN HUP  - Channel.cc:91
2023/02/06 18:08:655442 TRACE handleClose handleClose fd = 20 state = kDisconnecting - TcpConnection.cc:219
2023/02/06 18:08:655484 DEBUG onConnection HttpServer-0.0.0.0:8888#9 is down - HttpConnection.cc:31
2023/02/06 18:08:655502 TRACE poll fd total count 4 - EPollPoller.cc:26
2023/02/06 18:08:655515 TRACE poll 1 events happened - EPollPoller.cc:32
2023/02/06 18:08:655528 TRACE printActiveChannels {6: IN }  - EventLoop.cc:198
2023/02/06 18:08:655535 TRACE handleEventWithGuard 6: IN  - Channel.cc:91
2023/02/06 18:08:655543 INFO  TcpServer::removeConnectionInLoop [HttpServer] - connection HttpServer-0.0.0.0:8888#9 - TcpServer.cc:104
2023/02/06 18:08:655560 TRACE poll fd total count 3 - EPollPoller.cc:26
2023/02/06 18:08:655589 TRACE poll 1 events happened - EPollPoller.cc:32
2023/02/06 18:08:655626 TRACE printActiveChannels {11: IN }  - EventLoop.cc:198
2023/02/06 18:08:655655 TRACE handleEventWithGuard 11: IN  - Channel.cc:91
2023/02/06 18:08:655675 TRACE poll fd total count 3 - EPollPoller.cc:26
2023/02/06 18:08:672360 TRACE poll 1 events happened - EPollPoller.cc:32
2023/02/06 18:08:672383 TRACE printActiveChannels {7: IN }  - EventLoop.cc:198
2023/02/06 18:08:672393 TRACE handleEventWithGuard 7: IN  - Channel.cc:91
2023/02/06 18:08:672413 INFO  TcpServer::newConnection [HttpServer] - new connection [HttpServer-0.0.0.0:8888#10] from 113.121.227.206:53532 - TcpServer.cc:76
2023/02/06 18:08:672447 INFO  TcpConnection::ctor[HttpServer-0.0.0.0:8888#10] at fd =21 - TcpConnection.cc:39
2023/02/06 18:08:672480 TRACE poll fd total count 3 - EPollPoller.cc:26
2023/02/06 18:08:672485 TRACE poll 1 events happened - EPollPoller.cc:32
2023/02/06 18:08:672499 TRACE printActiveChannels {11: IN }  - EventLoop.cc:198
2023/02/06 18:08:672506 TRACE handleEventWithGuard 11: IN  - Channel.cc:91
2023/02/06 18:08:672534 TRACE poll fd total count 4 - EPollPoller.cc:26
2023/02/06 18:08:673238 TRACE poll 1 events happened - EPollPoller.cc:32
2023/02/06 18:08:673250 TRACE printActiveChannels {21: IN }  - EventLoop.cc:198
2023/02/06 18:08:673257 TRACE handleEventWithGuard 21: IN  - Channel.cc:91
2023/02/06 18:08:675511 TRACE poll fd total count 4 - EPollPoller.cc:26
2023/02/06 18:08:675527 TRACE poll 1 events happened - EPollPoller.cc:32
2023/02/06 18:08:675532 TRACE printActiveChannels {21: IN HUP }  - EventLoop.cc:198
2023/02/06 18:08:675539 TRACE handleEventWithGuard 21: IN HUP  - Channel.cc:91
2023/02/06 18:08:675548 TRACE handleClose handleClose fd = 21 state = kDisconnecting - TcpConnection.cc:219
2023/02/06 18:08:675560 DEBUG onConnection HttpServer-0.0.0.0:8888#10 is down - HttpConnection.cc:31
2023/02/06 18:08:675578 TRACE poll fd total count 4 - EPollPoller.cc:26
2023/02/06 18:08:675590 TRACE poll 1 events happened - EPollPoller.cc:32
2023/02/06 18:08:675603 TRACE printActiveChannels {6: IN }  - EventLoop.cc:198
2023/02/06 18:08:675610 TRACE handleEventWithGuard 6: IN  - Channel.cc:91
2023/02/06 18:08:675618 INFO  TcpServer::removeConnectionInLoop [HttpServer] - connection HttpServer-0.0.0.0:8888#10 - TcpServer.cc:104
2023/02/06 18:08:675635 TRACE poll fd total count 3 - EPollPoller.cc:26
2023/02/06 18:08:675640 TRACE poll 1 events happened - EPollPoller.cc:32
2023/02/06 18:08:675650 TRACE printActiveChannels {11: IN }  - EventLoop.cc:198
2023/02/06 18:08:675658 TRACE handleEventWithGuard 11: IN  - Channel.cc:91
2023/02/06 18:08:675669 TRACE poll fd total count 3 - EPollPoller.cc:26
2023/02/06 18:08:680572 TRACE poll 1 events happened - EPollPoller.cc:32
2023/02/06 18:08:680594 TRACE printActiveChannels {19: OUT }  - EventLoop.cc:198
2023/02/06 18:08:680607 TRACE handleEventWithGuard 19: OUT  - Channel.cc:91
2023/02/06 18:08:680632 TRACE poll fd total count 3 - EPollPoller.cc:26
2023/02/06 18:08:680640 TRACE poll 1 events happened - EPollPoller.cc:32
2023/02/06 18:08:680646 TRACE printActiveChannels {19: IN HUP }  - EventLoop.cc:198
2023/02/06 18:08:680653 TRACE handleEventWithGuard 19: IN HUP  - Channel.cc:91
2023/02/06 18:08:680661 TRACE handleClose handleClose fd = 19 state = kDisconnecting - TcpConnection.cc:219
2023/02/06 18:08:680677 DEBUG onConnection HttpServer-0.0.0.0:8888#8 is down - HttpConnection.cc:31
2023/02/06 18:08:680696 TRACE poll fd total count 3 - EPollPoller.cc:26
2023/02/06 18:08:680706 TRACE poll 1 events happened - EPollPoller.cc:32
2023/02/06 18:08:680718 TRACE printActiveChannels {6: IN }  - EventLoop.cc:198
2023/02/06 18:08:680725 TRACE handleEventWithGuard 6: IN  - Channel.cc:91
2023/02/06 18:08:680734 INFO  TcpServer::removeConnectionInLoop [HttpServer] - connection HttpServer-0.0.0.0:8888#8 - TcpServer.cc:104
2023/02/06 18:08:680750 TRACE poll fd total count 3 - EPollPoller.cc:26
2023/02/06 18:08:680755 TRACE poll 1 events happened - EPollPoller.cc:32
2023/02/06 18:08:680766 TRACE printActiveChannels {11: IN }  - EventLoop.cc:198
2023/02/06 18:08:680773 TRACE handleEventWithGuard 11: IN  - Channel.cc:91
2023/02/06 18:08:680785 TRACE poll fd total count 2 - EPollPoller.cc:26
2023/02/06 18:08:700102 TRACE poll 1 events happened - EPollPoller.cc:32
2023/02/06 18:08:700133 TRACE printActiveChannels {7: IN }  - EventLoop.cc:198
2023/02/06 18:08:700145 TRACE handleEventWithGuard 7: IN  - Channel.cc:91
2023/02/06 18:08:700210 INFO  TcpServer::newConnection [HttpServer] - new connection [HttpServer-0.0.0.0:8888#11] from 113.121.227.206:53534 - TcpServer.cc:76
2023/02/06 18:08:700246 INFO  TcpConnection::ctor[HttpServer-0.0.0.0:8888#11] at fd =22 - TcpConnection.cc:39
2023/02/06 18:08:700280 TRACE poll fd total count 3 - EPollPoller.cc:26
2023/02/06 18:08:700287 TRACE poll 1 events happened - EPollPoller.cc:32
2023/02/06 18:08:700302 TRACE printActiveChannels {11: IN }  - EventLoop.cc:198
2023/02/06 18:08:700311 TRACE handleEventWithGuard 11: IN  - Channel.cc:91
2023/02/06 18:08:700345 TRACE poll fd total count 3 - EPollPoller.cc:26
2023/02/06 18:08:700351 TRACE poll 1 events happened - EPollPoller.cc:32
2023/02/06 18:08:700356 TRACE printActiveChannels {22: IN }  - EventLoop.cc:198
2023/02/06 18:08:700360 TRACE handleEventWithGuard 22: IN  - Channel.cc:91
2023/02/06 18:08:702696 TRACE poll fd total count 3 - EPollPoller.cc:26
2023/02/06 18:08:702718 TRACE poll 1 events happened - EPollPoller.cc:32
2023/02/06 18:08:702724 TRACE printActiveChannels {22: IN HUP }  - EventLoop.cc:198
2023/02/06 18:08:702732 TRACE handleEventWithGuard 22: IN HUP  - Channel.cc:91
2023/02/06 18:08:702741 TRACE handleClose handleClose fd = 22 state = kDisconnecting - TcpConnection.cc:219
2023/02/06 18:08:702755 DEBUG onConnection HttpServer-0.0.0.0:8888#11 is down - HttpConnection.cc:31
2023/02/06 18:08:702772 TRACE poll fd total count 3 - EPollPoller.cc:26
2023/02/06 18:08:702783 TRACE poll 1 events happened - EPollPoller.cc:32
2023/02/06 18:08:702808 TRACE printActiveChannels {6: IN }  - EventLoop.cc:198
2023/02/06 18:08:702817 TRACE handleEventWithGuard 6: IN  - Channel.cc:91
2023/02/06 18:08:702825 INFO  TcpServer::removeConnectionInLoop [HttpServer] - connection HttpServer-0.0.0.0:8888#11 - TcpServer.cc:104
2023/02/06 18:08:702843 TRACE poll fd total count 3 - EPollPoller.cc:26
2023/02/06 18:08:702853 TRACE poll 1 events happened - EPollPoller.cc:32
2023/02/06 18:08:702864 TRACE printActiveChannels {11: IN }  - EventLoop.cc:198
2023/02/06 18:08:702874 TRACE handleEventWithGuard 11: IN  - Channel.cc:91
2023/02/06 18:08:702890 TRACE poll fd total count 2 - EPollPoller.cc:26
2023/02/06 18:08:741173 TRACE poll 1 events happened - EPollPoller.cc:32
2023/02/06 18:08:741209 TRACE printActiveChannels {7: IN }  - EventLoop.cc:198
2023/02/06 18:08:741223 TRACE handleEventWithGuard 7: IN  - Channel.cc:91
2023/02/06 18:08:741251 INFO  TcpServer::newConnection [HttpServer] - new connection [HttpServer-0.0.0.0:8888#12] from 113.121.227.206:53535 - TcpServer.cc:76
2023/02/06 18:08:741276 INFO  TcpConnection::ctor[HttpServer-0.0.0.0:8888#12] at fd =23 - TcpConnection.cc:39
2023/02/06 18:08:741306 TRACE poll fd total count 3 - EPollPoller.cc:26
2023/02/06 18:08:741314 TRACE poll 1 events happened - EPollPoller.cc:32
2023/02/06 18:08:741328 TRACE printActiveChannels {11: IN }  - EventLoop.cc:198
2023/02/06 18:08:741336 TRACE handleEventWithGuard 11: IN  - Channel.cc:91
2023/02/06 18:08:741367 TRACE poll fd total count 3 - EPollPoller.cc:26
2023/02/06 18:08:741525 TRACE poll 1 events happened - EPollPoller.cc:32
2023/02/06 18:08:741536 TRACE printActiveChannels {23: IN }  - EventLoop.cc:198
2023/02/06 18:08:741542 TRACE handleEventWithGuard 23: IN  - Channel.cc:91
2023/02/06 18:08:743827 TRACE poll fd total count 3 - EPollPoller.cc:26
2023/02/06 18:08:743844 TRACE poll 1 events happened - EPollPoller.cc:32
2023/02/06 18:08:743850 TRACE printActiveChannels {23: IN HUP }  - EventLoop.cc:198
2023/02/06 18:08:743858 TRACE handleEventWithGuard 23: IN HUP  - Channel.cc:91
2023/02/06 18:08:743867 TRACE handleClose handleClose fd = 23 state = kDisconnecting - TcpConnection.cc:219
2023/02/06 18:08:743879 DEBUG onConnection HttpServer-0.0.0.0:8888#12 is down - HttpConnection.cc:31
2023/02/06 18:08:743899 TRACE poll fd total count 3 - EPollPoller.cc:26
2023/02/06 18:08:743910 TRACE poll 1 events happened - EPollPoller.cc:32
2023/02/06 18:08:743937 TRACE printActiveChannels {6: IN }  - EventLoop.cc:198
2023/02/06 18:08:743947 TRACE handleEventWithGuard 6: IN  - Channel.cc:91
2023/02/06 18:08:743958 INFO  TcpServer::removeConnectionInLoop [HttpServer] - connection HttpServer-0.0.0.0:8888#12 - TcpServer.cc:104
2023/02/06 18:08:743974 TRACE poll fd total count 3 - EPollPoller.cc:26
2023/02/06 18:08:743979 TRACE poll 1 events happened - EPollPoller.cc:32
2023/02/06 18:08:743991 TRACE printActiveChannels {11: IN }  - EventLoop.cc:198
2023/02/06 18:08:743998 TRACE handleEventWithGuard 11: IN  - Channel.cc:91
2023/02/06 18:08:744010 TRACE poll fd total count 2 - EPollPoller.cc:26
2023/02/06 18:08:757565 TRACE poll 1 events happened - EPollPoller.cc:32
2023/02/06 18:08:757592 TRACE printActiveChannels {7: IN }  - EventLoop.cc:198
2023/02/06 18:08:757616 TRACE handleEventWithGuard 7: IN  - Channel.cc:91
2023/02/06 18:08:757642 INFO  TcpServer::newConnection [HttpServer] - new connection [HttpServer-0.0.0.0:8888#13] from 113.121.227.206:53533 - TcpServer.cc:76
2023/02/06 18:08:757662 INFO  TcpConnection::ctor[HttpServer-0.0.0.0:8888#13] at fd =24 - TcpConnection.cc:39
2023/02/06 18:08:757689 TRACE poll fd total count 3 - EPollPoller.cc:26
2023/02/06 18:08:757695 TRACE poll 1 events happened - EPollPoller.cc:32
2023/02/06 18:08:757709 TRACE printActiveChannels {11: IN }  - EventLoop.cc:198
2023/02/06 18:08:757717 TRACE handleEventWithGuard 11: IN  - Channel.cc:91
2023/02/06 18:08:757746 TRACE poll fd total count 3 - EPollPoller.cc:26
2023/02/06 18:08:758660 TRACE poll 1 events happened - EPollPoller.cc:32
2023/02/06 18:08:758675 TRACE printActiveChannels {24: IN }  - EventLoop.cc:198
2023/02/06 18:08:758684 TRACE handleEventWithGuard 24: IN  - Channel.cc:91
2023/02/06 18:08:761078 TRACE poll fd total count 3 - EPollPoller.cc:26
2023/02/06 18:08:761097 TRACE poll 1 events happened - EPollPoller.cc:32
2023/02/06 18:08:761103 TRACE printActiveChannels {24: IN HUP }  - EventLoop.cc:198
2023/02/06 18:08:761110 TRACE handleEventWithGuard 24: IN HUP  - Channel.cc:91
2023/02/06 18:08:761119 TRACE handleClose handleClose fd = 24 state = kDisconnecting - TcpConnection.cc:219
2023/02/06 18:08:761131 DEBUG onConnection HttpServer-0.0.0.0:8888#13 is down - HttpConnection.cc:31
2023/02/06 18:08:761150 TRACE poll fd total count 3 - EPollPoller.cc:26
2023/02/06 18:08:761162 TRACE poll 1 events happened - EPollPoller.cc:32
2023/02/06 18:08:761174 TRACE printActiveChannels {6: IN }  - EventLoop.cc:198
2023/02/06 18:08:761181 TRACE handleEventWithGuard 6: IN  - Channel.cc:91
2023/02/06 18:08:761189 INFO  TcpServer::removeConnectionInLoop [HttpServer] - connection HttpServer-0.0.0.0:8888#13 - TcpServer.cc:104
2023/02/06 18:08:761205 TRACE poll fd total count 3 - EPollPoller.cc:26
2023/02/06 18:08:761212 TRACE poll 1 events happened - EPollPoller.cc:32
2023/02/06 18:08:761222 TRACE printActiveChannels {11: IN }  - EventLoop.cc:198
2023/02/06 18:08:761230 TRACE handleEventWithGuard 11: IN  - Channel.cc:91
2023/02/06 18:08:761241 TRACE poll fd total count 2 - EPollPoller.cc:26
2023/02/06 18:08:780250 TRACE poll 1 events happened - EPollPoller.cc:32
2023/02/06 18:08:780276 TRACE printActiveChannels {7: IN }  - EventLoop.cc:198
2023/02/06 18:08:780287 TRACE handleEventWithGuard 7: IN  - Channel.cc:91
2023/02/06 18:08:780307 INFO  TcpServer::newConnection [HttpServer] - new connection [HttpServer-0.0.0.0:8888#14] from 113.121.227.206:53536 - TcpServer.cc:76
2023/02/06 18:08:780336 INFO  TcpConnection::ctor[HttpServer-0.0.0.0:8888#14] at fd =25 - TcpConnection.cc:39
2023/02/06 18:08:780364 TRACE poll fd total count 3 - EPollPoller.cc:26
2023/02/06 18:08:780375 TRACE poll 1 events happened - EPollPoller.cc:32
2023/02/06 18:08:780389 TRACE printActiveChannels {11: IN }  - EventLoop.cc:198
2023/02/06 18:08:780396 TRACE handleEventWithGuard 11: IN  - Channel.cc:91
2023/02/06 18:08:780423 TRACE poll fd total count 3 - EPollPoller.cc:26
2023/02/06 18:08:781494 TRACE poll 1 events happened - EPollPoller.cc:32
2023/02/06 18:08:781503 TRACE printActiveChannels {25: IN }  - EventLoop.cc:198
2023/02/06 18:08:781510 TRACE handleEventWithGuard 25: IN  - Channel.cc:91
2023/02/06 18:08:783871 TRACE poll fd total count 3 - EPollPoller.cc:26
2023/02/06 18:08:783889 TRACE poll 1 events happened - EPollPoller.cc:32
2023/02/06 18:08:783894 TRACE printActiveChannels {25: IN HUP }  - EventLoop.cc:198
2023/02/06 18:08:783902 TRACE handleEventWithGuard 25: IN HUP  - Channel.cc:91
2023/02/06 18:08:783910 TRACE handleClose handleClose fd = 25 state = kDisconnecting - TcpConnection.cc:219
2023/02/06 18:08:783923 DEBUG onConnection HttpServer-0.0.0.0:8888#14 is down - HttpConnection.cc:31
2023/02/06 18:08:783942 TRACE poll fd total count 3 - EPollPoller.cc:26
2023/02/06 18:08:783956 TRACE poll 1 events happened - EPollPoller.cc:32
2023/02/06 18:08:783968 TRACE printActiveChannels {6: IN }  - EventLoop.cc:198
2023/02/06 18:08:783975 TRACE handleEventWithGuard 6: IN  - Channel.cc:91
2023/02/06 18:08:783983 INFO  TcpServer::removeConnectionInLoop [HttpServer] - connection HttpServer-0.0.0.0:8888#14 - TcpServer.cc:104
2023/02/06 18:08:783999 TRACE poll fd total count 3 - EPollPoller.cc:26
2023/02/06 18:08:784006 TRACE poll 1 events happened - EPollPoller.cc:32
2023/02/06 18:08:784016 TRACE printActiveChannels {11: IN }  - EventLoop.cc:198
2023/02/06 18:08:784024 TRACE handleEventWithGuard 11: IN  - Channel.cc:91
2023/02/06 18:08:784035 TRACE poll fd total count 2 - EPollPoller.cc:26
